TN:
SF:src/builder.ts
FN:23,constructor
FN:27,acquire
FN:32,(anonymous_2)
FN:35,release
FN:58,constructor_2
FN:68,token
FN:78,sender
FN:88,recipient
FN:98,amount
FN:114,ratePerSecond
FN:135,build
FN:169,submit
FN:227,(anonymous_12)
FN:228,(anonymous_13)
FN:235,(anonymous_14)
FN:258,getPendingQueue
FN:262,cleanup
FN:271,_validateAddress
FN:320,validatePayload
FN:403,execute
FN:437,executeAsync
FN:445,(anonymous_21)
FN:449,(anonymous_22)
FN:462,processQueue
FN:473,(anonymous_24)
FN:499,(anonymous_25)
FN:523,cleanup_2
FN:529,(anonymous_27)
FN:543,destroy
FN:552,reset
FNF:30
FNH:28
FNDA:52,constructor
FNDA:16,acquire
FNDA:8,(anonymous_2)
FNDA:16,release
FNDA:52,constructor_2
FNDA:36,token
FNDA:32,sender
FNDA:30,recipient
FNDA:28,amount
FNDA:9,ratePerSecond
FNDA:29,build
FNDA:20,submit
FNDA:3,(anonymous_12)
FNDA:3,(anonymous_13)
FNDA:0,(anonymous_14)
FNDA:3,getPendingQueue
FNDA:4,cleanup
FNDA:8,_validateAddress
FNDA:120,validatePayload
FNDA:8,execute
FNDA:8,executeAsync
FNDA:66,(anonymous_21)
FNDA:66,(anonymous_22)
FNDA:8,processQueue
FNDA:0,(anonymous_24)
FNDA:58,(anonymous_25)
FNDA:8,cleanup_2
FNDA:1,(anonymous_27)
FNDA:8,destroy
FNDA:8,reset
DA:15,8
DA:16,8
DA:19,52
DA:20,52
DA:24,52
DA:28,16
DA:29,8
DA:30,8
DA:32,8
DA:36,16
DA:37,16
DA:38,8
DA:39,8
DA:52,52
DA:53,52
DA:54,52
DA:59,52
DA:60,52
DA:69,36
DA:70,36
DA:79,32
DA:80,32
DA:89,30
DA:90,30
DA:99,28
DA:100,6
DA:102,22
DA:103,22
DA:115,9
DA:116,4
DA:117,3
DA:120,5
DA:121,4
DA:124,2
DA:125,2
DA:136,29
DA:137,1
DA:139,28
DA:143,5
DA:146,23
DA:152,23
DA:153,2
DA:156,23
DA:173,20
DA:174,1
DA:176,19
DA:177,1
DA:180,18
DA:181,18
DA:182,1
DA:186,17
DA:187,1
DA:193,16
DA:194,16
DA:195,16
DA:197,16
DA:198,20
DA:200,20
DA:201,16
DA:202,16
DA:205,16
DA:206,19
DA:207,0
DA:210,19
DA:211,0
DA:214,19
DA:215,19
DA:216,13
DA:217,13
DA:219,6
DA:220,1
DA:222,5
DA:223,5
DA:224,5
DA:226,3
DA:227,3
DA:228,3
DA:229,3
DA:230,3
DA:232,3
DA:234,3
DA:235,0
DA:236,0
DA:237,0
DA:238,0
DA:239,0
DA:241,0
DA:248,2
DA:254,16
DA:259,3
DA:263,4
DA:264,4
DA:265,0
DA:267,4
DA:268,4
DA:272,98
DA:273,9
DA:276,89
DA:277,31
DA:278,2
DA:284,58
DA:285,3
DA:291,84
DA:312,8
DA:321,120
DA:323,120
DA:324,7
DA:325,7
DA:328,113
DA:329,6
DA:330,6
DA:333,107
DA:334,562
DA:335,562
DA:336,8
DA:337,554
DA:338,4
DA:341,550
DA:344,550
DA:345,148
DA:346,148
DA:347,3
DA:352,550
DA:353,144
DA:354,144
DA:355,3
DA:360,550
DA:361,144
DA:362,144
DA:363,3
DA:368,550
DA:369,143
DA:370,143
DA:371,4
DA:377,107
DA:387,8
DA:388,8
DA:389,8
DA:390,8
DA:407,63
DA:408,4
DA:411,59
DA:412,59
DA:413,30
DA:421,29
DA:422,29
DA:423,63
DA:425,63
DA:441,67
DA:442,1
DA:445,66
DA:446,66
DA:447,66
DA:449,66
DA:450,66
DA:452,66
DA:454,66
DA:455,66
DA:458,66
DA:463,65
DA:464,65
DA:466,65
DA:467,65
DA:468,65
DA:470,65
DA:472,65
DA:473,65
DA:474,65
DA:475,5
DA:476,4
DA:478,1
DA:482,65
DA:483,65
DA:484,4
DA:485,4
DA:488,61
DA:489,61
DA:490,3
DA:496,3
DA:499,58
DA:504,58
DA:510,65
DA:511,1
DA:516,65
DA:524,100
DA:526,100
DA:527,100
DA:529,100
DA:530,1
DA:533,100
DA:534,0
DA:536,100
DA:544,9
DA:545,9
DA:553,90
DA:554,90
LF:196
LH:186
BRDA:28,0,0,8
BRDA:28,0,1,8
BRDA:37,1,0,8
BRDA:37,1,1,8
BRDA:59,2,0,52
BRDA:59,2,1,50
BRDA:60,3,0,52
BRDA:60,3,1,51
BRDA:99,4,0,6
BRDA:99,4,1,22
BRDA:99,5,0,28
BRDA:99,5,1,26
BRDA:115,6,0,4
BRDA:115,6,1,5
BRDA:116,7,0,3
BRDA:116,7,1,1
BRDA:120,8,0,4
BRDA:120,8,1,1
BRDA:120,9,0,5
BRDA:120,9,1,4
BRDA:136,10,0,1
BRDA:136,10,1,28
BRDA:139,11,0,5
BRDA:139,11,1,23
BRDA:139,12,0,28
BRDA:139,12,1,26
BRDA:139,12,2,26
BRDA:139,12,3,25
BRDA:139,12,4,25
BRDA:139,12,5,24
BRDA:139,12,6,24
BRDA:139,12,7,23
BRDA:152,13,0,2
BRDA:152,13,1,21
BRDA:152,14,0,23
BRDA:152,14,1,2
BRDA:171,15,0,20
BRDA:173,16,0,1
BRDA:173,16,1,19
BRDA:176,17,0,1
BRDA:176,17,1,18
BRDA:181,18,0,1
BRDA:181,18,1,17
BRDA:186,19,0,1
BRDA:186,19,1,16
BRDA:197,20,0,16
BRDA:197,20,1,12
BRDA:198,21,0,20
BRDA:198,21,1,12
BRDA:206,22,0,0
BRDA:206,22,1,19
BRDA:210,23,0,0
BRDA:210,23,1,19
BRDA:219,24,0,1
BRDA:219,24,1,5
BRDA:224,25,0,3
BRDA:224,25,1,2
BRDA:234,26,0,0
BRDA:234,26,1,3
BRDA:250,27,0,2
BRDA:250,27,1,0
BRDA:272,28,0,9
BRDA:272,28,1,89
BRDA:272,29,0,98
BRDA:272,29,1,97
BRDA:276,30,0,31
BRDA:276,30,1,58
BRDA:277,31,0,2
BRDA:277,31,1,29
BRDA:284,32,0,3
BRDA:284,32,1,55
BRDA:323,33,0,7
BRDA:323,33,1,113
BRDA:323,34,0,120
BRDA:323,34,1,115
BRDA:328,35,0,6
BRDA:328,35,1,107
BRDA:335,36,0,8
BRDA:335,36,1,554
BRDA:335,37,0,562
BRDA:335,37,1,556
BRDA:337,38,0,4
BRDA:337,38,1,550
BRDA:344,39,0,148
BRDA:344,39,1,402
BRDA:344,40,0,550
BRDA:344,40,1,148
BRDA:346,41,0,3
BRDA:346,41,1,145
BRDA:352,42,0,144
BRDA:352,42,1,406
BRDA:352,43,0,550
BRDA:352,43,1,144
BRDA:354,44,0,3
BRDA:354,44,1,141
BRDA:360,45,0,144
BRDA:360,45,1,406
BRDA:360,46,0,550
BRDA:360,46,1,144
BRDA:362,47,0,3
BRDA:362,47,1,141
BRDA:368,48,0,143
BRDA:368,48,1,407
BRDA:368,49,0,550
BRDA:368,49,1,143
BRDA:370,50,0,4
BRDA:370,50,1,139
BRDA:370,51,0,143
BRDA:370,51,1,143
BRDA:407,52,0,4
BRDA:407,52,1,59
BRDA:412,53,0,30
BRDA:412,53,1,29
BRDA:422,54,0,29
BRDA:422,54,1,24
BRDA:423,55,0,4
BRDA:423,55,1,25
BRDA:441,56,0,1
BRDA:441,56,1,66
BRDA:454,57,0,66
BRDA:454,57,1,0
BRDA:463,58,0,0
BRDA:463,58,1,65
BRDA:463,59,0,65
BRDA:463,59,1,65
BRDA:466,60,0,65
BRDA:466,60,1,65
BRDA:468,61,0,0
BRDA:468,61,1,65
BRDA:474,62,0,5
BRDA:474,62,1,60
BRDA:475,63,0,4
BRDA:475,63,1,1
BRDA:483,64,0,4
BRDA:483,64,1,61
BRDA:489,65,0,3
BRDA:489,65,1,58
BRDA:510,66,0,1
BRDA:510,66,1,64
BRDA:510,67,0,65
BRDA:510,67,1,5
BRF:141
BRH:134
end_of_record
TN:
SF:src/client.ts
FN:35,assertWalletNetworkMatch
FN:63,constructor
FN:105,setWallet
FNF:3
FNH:3
FNDA:11,assertWalletNetworkMatch
FNDA:26,constructor
FNDA:8,setWallet
DA:15,15
DA:39,11
DA:40,11
DA:42,9
DA:43,9
DA:45,9
DA:46,1
DA:49,8
DA:50,4
DA:66,26
DA:67,9
DA:70,17
DA:76,26
DA:77,3
DA:80,16
DA:81,16
DA:82,16
DA:106,8
DA:107,8
DA:108,8
LF:20
LH:20
BRDA:40,0,0,2
BRDA:40,0,1,9
BRDA:40,1,0,11
BRDA:40,1,1,9
BRDA:45,2,0,1
BRDA:45,2,1,8
BRDA:49,3,0,4
BRDA:49,3,1,4
BRDA:66,4,0,9
BRDA:66,4,1,17
BRDA:72,5,0,17
BRDA:72,5,1,17
BRDA:76,6,0,3
BRDA:76,6,1,23
BRF:14
BRH:14
end_of_record
TN:
SF:src/constants.ts
FNF:0
FNH:0
DA:8,30
LF:1
LH:1
BRF:0
BRH:0
end_of_record
TN:
SF:src/errors.ts
FN:21,(anonymous_0)
FN:59,(anonymous_1)
FN:87,(anonymous_2)
FN:136,constructor
FN:154,constructor_2
FN:166,isKnown
FN:171,fromContractError
FN:188,fromSorobanMessage
FN:208,constructor_3
FN:215,parseRetryAfterMs
FN:247,fromRpcError
FNF:11
FNH:11
FNDA:39,(anonymous_0)
FNDA:39,(anonymous_1)
FNDA:39,(anonymous_2)
FNDA:29,constructor
FNDA:50,constructor_2
FNDA:2,isKnown
FNDA:39,fromContractError
FNDA:39,fromSorobanMessage
FNDA:8,constructor_3
FNDA:39,parseRetryAfterMs
FNDA:39,fromRpcError
DA:17,39
DA:21,39
DA:22,39
DA:23,39
DA:24,39
DA:25,39
DA:26,39
DA:27,39
DA:28,39
DA:29,39
DA:30,39
DA:31,39
DA:32,39
DA:33,39
DA:34,39
DA:35,39
DA:36,39
DA:39,39
DA:59,39
DA:60,39
DA:61,39
DA:62,39
DA:63,39
DA:64,39
DA:65,39
DA:66,39
DA:67,39
DA:68,39
DA:69,39
DA:72,39
DA:87,39
DA:88,39
DA:89,39
DA:90,39
DA:93,39
DA:99,39
DA:111,39
DA:137,29
DA:138,29
DA:142,29
DA:143,29
DA:144,29
DA:146,29
DA:155,50
DA:156,50
DA:157,50
DA:158,50
DA:167,2
DA:172,8
DA:173,7
DA:174,7
DA:175,6
DA:178,2
DA:189,7
DA:190,7
DA:191,5
DA:192,5
DA:193,5
DA:209,8
DA:210,8
DA:211,8
DA:212,8
DA:216,6
DA:218,6
DA:219,6
DA:221,6
DA:222,6
DA:223,3
DA:226,3
DA:227,3
DA:228,2
DA:231,1
DA:248,16
DA:250,16
DA:251,16
DA:252,6
DA:253,6
DA:254,6
DA:263,10
DA:264,10
DA:265,2
DA:268,8
LF:82
LH:82
BRDA:155,0,0,50
BRDA:155,0,1,41
BRDA:155,0,2,1
BRDA:172,1,0,7
BRDA:172,1,1,1
BRDA:172,2,0,8
BRDA:172,2,1,8
BRDA:172,2,2,7
BRDA:174,3,0,6
BRDA:174,3,1,1
BRDA:190,4,0,2
BRDA:190,4,1,5
BRDA:190,5,0,7
BRDA:190,5,1,5
BRDA:192,6,0,0
BRDA:192,6,1,5
BRDA:216,7,0,0
BRDA:216,7,1,6
BRDA:216,8,0,6
BRDA:216,8,1,0
BRDA:219,9,0,0
BRDA:219,9,1,6
BRDA:222,10,0,3
BRDA:222,10,1,3
BRDA:222,11,0,6
BRDA:222,11,1,3
BRDA:227,12,0,2
BRDA:227,12,1,1
BRDA:248,13,0,0
BRDA:248,13,1,16
BRDA:248,14,0,16
BRDA:248,14,1,16
BRDA:251,15,0,6
BRDA:251,15,1,10
BRDA:264,16,0,2
BRDA:264,16,1,8
BRDA:264,17,0,10
BRDA:264,17,1,10
BRF:38
BRH:33
end_of_record
TN:
SF:src/events.ts
FN:40,tupleFields
FN:44,i128Field
FN:49,u64Field
FN:60,addressField
FN:79,subscribeToStream
FN:90,poll
FN:105,(anonymous_6)
FN:124,(anonymous_7)
FN:144,dispatchEvent
FNF:9
FNH:9
FNDA:5,tupleFields
FNDA:10,i128Field
FNDA:1,u64Field
FNDA:10,addressField
FNDA:8,subscribeToStream
FNDA:10,poll
FNDA:2,(anonymous_6)
FNDA:8,(anonymous_7)
FNDA:12,dispatchEvent
DA:23,3
DA:41,5
DA:45,10
DA:46,10
DA:50,1
DA:51,1
DA:61,10
DA:62,10
DA:63,10
DA:65,1
DA:84,8
DA:85,8
DA:86,8
DA:87,8
DA:91,10
DA:93,10
DA:94,10
DA:103,9
DA:105,2
DA:106,2
DA:108,2
DA:109,2
DA:114,1
DA:117,10
DA:121,8
DA:123,8
DA:125,8
DA:126,8
DA:127,8
DA:128,8
DA:135,8
DA:149,12
DA:150,12
DA:152,10
DA:154,12
DA:156,12
DA:158,2
DA:160,1
DA:161,1
DA:167,1
DA:168,1
DA:172,2
DA:174,2
DA:175,2
DA:180,2
DA:181,2
DA:185,1
DA:187,1
DA:188,1
DA:193,1
DA:194,1
DA:198,1
DA:201,1
DA:205,1
DA:206,1
DA:210,1
DA:212,1
DA:213,1
DA:218,1
DA:219,1
DA:223,2
DA:225,2
DA:229,2
DA:230,2
LF:64
LH:64
BRDA:41,0,0,5
BRDA:41,0,1,0
BRDA:46,1,0,10
BRDA:46,1,1,0
BRDA:51,2,0,1
BRDA:51,2,1,0
BRDA:61,3,0,0
BRDA:61,3,1,10
BRDA:85,4,0,8
BRDA:85,4,1,4
BRDA:91,5,0,0
BRDA:91,5,1,10
BRDA:95,6,0,1
BRDA:95,6,1,9
BRDA:103,7,0,2
BRDA:103,7,1,7
BRDA:117,8,0,10
BRDA:117,8,1,0
BRDA:126,9,0,8
BRDA:126,9,1,0
BRDA:150,10,0,2
BRDA:150,10,1,10
BRDA:150,11,0,12
BRDA:150,11,1,12
BRDA:152,12,0,10
BRDA:152,12,1,0
BRDA:156,13,0,2
BRDA:156,13,1,2
BRDA:156,13,2,1
BRDA:156,13,3,1
BRDA:156,13,4,1
BRDA:156,13,5,2
BRDA:158,14,0,1
BRDA:158,14,1,1
BRDA:172,15,0,0
BRDA:172,15,1,2
BRDA:185,16,0,0
BRDA:185,16,1,1
BRDA:198,17,0,0
BRDA:198,17,1,1
BRDA:210,18,0,0
BRDA:210,18,1,1
BRDA:223,19,0,0
BRDA:223,19,1,2
BRF:44
BRH:31
end_of_record
TN:
SF:src/factory.ts
FN:23,constructor
FN:48,streamCount
FN:58,streamAddress
FN:77,streamsBySender
FN:92,streamsByRecipient
FN:107,protocolFeeBps
FN:116,parseU64Vec
FN:119,(anonymous_7)
FNF:8
FNH:8
FNDA:49,constructor
FNDA:2,streamCount
FNDA:2,streamAddress
FNDA:3,streamsBySender
FNDA:1,streamsByRecipient
FNDA:2,protocolFeeBps
FNDA:4,parseU64Vec
FNDA:4,(anonymous_7)
DA:23,49
DA:27,49
DA:28,1
DA:30,48
DA:31,49
DA:36,49
DA:37,1
DA:41,47
DA:44,47
DA:49,2
DA:53,2
DA:54,2
DA:59,2
DA:60,2
DA:65,2
DA:68,2
DA:69,1
DA:70,1
DA:72,0
DA:78,3
DA:87,3
DA:88,3
DA:93,1
DA:102,1
DA:103,1
DA:108,2
DA:112,2
DA:113,2
DA:117,4
DA:118,4
DA:119,4
LF:31
LH:30
BRDA:27,0,0,1
BRDA:27,0,1,48
BRDA:30,1,0,48
BRDA:30,1,1,13
BRDA:36,2,0,1
BRDA:36,2,1,48
BRDA:44,3,0,47
BRDA:44,3,1,40
BRDA:68,4,0,1
BRDA:68,4,1,1
BRDA:77,5,0,3
BRDA:77,6,0,3
BRDA:92,7,0,1
BRDA:92,8,0,1
BRDA:118,9,0,0
BRDA:118,9,1,4
BRF:16
BRH:15
end_of_record
TN:
SF:src/fee-estimator.ts
FN:22,constructor
FN:35,estimateFee
FN:51,(anonymous_2)
FN:83,_isEstimating
FN:87,getBaseFee
FN:91,lastSuccessfulFetchAt
FN:95,lastError
FN:99,isStale
FNF:8
FNH:8
FNDA:16,constructor
FNDA:237,estimateFee
FNDA:19,(anonymous_2)
FNDA:1,_isEstimating
FNDA:2,getBaseFee
FNDA:3,lastSuccessfulFetchAt
FNDA:6,lastError
FNDA:7,isStale
DA:16,16
DA:17,16
DA:19,16
DA:20,16
DA:23,16
DA:24,16
DA:39,237
DA:40,217
DA:44,20
DA:45,5
DA:46,5
DA:47,1
DA:51,19
DA:52,19
DA:53,19
DA:54,19
DA:57,12
DA:58,1
DA:62,11
DA:63,11
DA:64,11
DA:65,11
DA:67,8
DA:68,8
DA:69,8
DA:72,8
DA:74,19
DA:75,19
DA:79,19
DA:84,1
DA:88,2
DA:92,3
DA:96,6
DA:100,7
LF:34
LH:34
BRDA:22,0,0,16
BRDA:24,1,0,16
BRDA:24,1,1,13
BRDA:37,2,0,237
BRDA:39,3,0,217
BRDA:39,3,1,20
BRDA:44,4,0,5
BRDA:44,4,1,15
BRDA:45,5,0,5
BRDA:45,5,1,3
BRDA:46,6,0,1
BRDA:46,6,1,4
BRDA:57,7,0,1
BRDA:57,7,1,11
BRDA:57,8,0,12
BRDA:57,8,1,12
BRDA:57,8,2,11
BRDA:67,9,0,7
BRDA:67,9,1,1
BRF:19
BRH:19
end_of_record
TN:
SF:src/governor.ts
FN:31,constructor
FN:45,getConfig
FN:60,parseGovernorConfig
FNF:3
FNH:3
FNDA:22,constructor
FNDA:4,getConfig
FNDA:3,parseGovernorConfig
DA:34,22
DA:35,1
DA:37,21
DA:38,22
DA:39,22
DA:40,22
DA:41,22
DA:46,4
DA:47,1
DA:51,3
DA:55,3
DA:56,3
DA:61,3
DA:62,3
DA:63,3
DA:64,7
DA:65,7
DA:67,3
LF:18
LH:18
BRDA:34,0,0,1
BRDA:34,0,1,21
BRDA:37,1,0,21
BRDA:37,1,1,3
BRDA:40,2,0,22
BRDA:40,2,1,21
BRDA:46,3,0,1
BRDA:46,3,1,3
BRDA:61,4,0,3
BRDA:61,4,1,0
BRDA:64,5,0,7
BRDA:64,5,1,0
BRDA:64,5,2,0
BRDA:68,6,0,3
BRDA:68,6,1,2
BRDA:69,7,0,1
BRDA:69,7,1,2
BRDA:70,8,0,1
BRDA:70,8,1,2
BRDA:74,9,0,2
BRDA:74,9,1,1
BRDA:75,10,0,2
BRDA:75,10,1,1
BRF:23
BRH:20
end_of_record
TN:
SF:src/graph-sync-agent.ts
FN:5,constructor
FN:14,syncState
FN:15,(anonymous_2)
FN:32,(anonymous_3)
FN:37,getCurrentState
FNF:5
FNH:5
FNDA:5,constructor
FNDA:155,syncState
FNDA:155,(anonymous_2)
FNDA:3,(anonymous_3)
FNDA:3,getCurrentState
DA:3,5
DA:6,5
DA:15,155
DA:16,155
DA:18,153
DA:19,1
DA:23,152
DA:24,152
DA:25,152
DA:27,152
DA:29,152
DA:32,155
DA:34,155
DA:38,3
LF:14
LH:14
BRDA:5,0,0,5
BRDA:18,1,0,1
BRDA:18,1,1,152
BRDA:18,2,0,153
BRDA:18,2,1,153
BRF:5
BRH:5
end_of_record
TN:
SF:src/index.ts
FNF:0
FNH:0
LF:0
LH:0
BRF:0
BRH:0
end_of_record
TN:
SF:src/indexer.ts
FN:25,constructor
FN:32,query
FN:75,subscribe
FN:101,(anonymous_3)
FN:144,(anonymous_4)
FN:166,(anonymous_5)
FN:185,(anonymous_6)
FN:190,(anonymous_7)
FN:214,(anonymous_8)
FN:246,(anonymous_9)
FN:258,getSubscriptionCount
FN:262,cleanup
FN:270,getWebSocketCtor
FN:280,getWsUrl
FN:290,handleError
FNF:15
FNH:15
FNDA:67,constructor
FNDA:15,query
FNDA:46,subscribe
FNDA:42,(anonymous_3)
FNDA:3,(anonymous_4)
FNDA:9,(anonymous_5)
FNDA:11,(anonymous_6)
FNDA:12,(anonymous_7)
FNDA:8,(anonymous_8)
FNDA:1,(anonymous_9)
FNDA:16,getSubscriptionCount
FNDA:63,cleanup
FNDA:41,getWebSocketCtor
FNDA:33,getWsUrl
FNDA:12,handleError
DA:21,67
DA:22,67
DA:23,67
DA:26,67
DA:27,4
DA:29,63
DA:33,15
DA:34,1
DA:36,14
DA:37,2
DA:39,12
DA:40,3
DA:43,9
DA:44,15
DA:45,1
DA:48,8
DA:54,8
DA:55,15
DA:56,1
DA:59,7
DA:68,7
DA:69,2
DA:72,5
DA:76,46
DA:77,3
DA:79,43
DA:80,1
DA:82,42
DA:83,1
DA:85,41
DA:86,1
DA:89,40
DA:90,46
DA:91,1
DA:94,39
DA:95,39
DA:97,39
DA:98,39
DA:100,39
DA:102,42
DA:103,39
DA:105,39
DA:106,29
DA:107,29
DA:108,1
DA:110,29
DA:114,29
DA:117,39
DA:118,9
DA:119,9
DA:123,9
DA:126,39
DA:130,39
DA:132,39
DA:133,39
DA:134,30
DA:135,30
DA:137,30
DA:138,30
DA:140,2
DA:142,29
DA:144,29
DA:145,3
DA:146,1
DA:147,1
DA:149,2
DA:150,2
DA:151,2
DA:162,1
DA:166,29
DA:167,9
DA:168,7
DA:169,7
DA:170,9
DA:172,5
DA:173,3
DA:174,3
DA:175,2
DA:176,1
DA:177,1
DA:178,1
DA:181,1
DA:185,29
DA:186,11
DA:187,1
DA:190,29
DA:191,12
DA:192,1
DA:196,1
DA:199,9
DA:200,9
DA:201,9
DA:202,9
DA:208,9
DA:215,8
DA:216,8
DA:217,1
DA:218,1
DA:220,7
DA:221,6
DA:222,6
DA:223,6
DA:224,6
DA:225,13
DA:226,13
DA:227,7
DA:228,7
DA:229,7
DA:230,13
DA:231,18
DA:232,18
DA:233,9
DA:234,9
DA:235,8
DA:236,8
DA:237,8
DA:247,1
DA:248,1
DA:249,1
DA:255,39
DA:259,16
DA:263,63
DA:264,63
DA:265,27
DA:267,63
DA:271,41
DA:272,31
DA:274,10
DA:275,0
DA:277,10
DA:281,33
DA:282,31
DA:284,2
DA:285,1
DA:287,1
DA:291,12
DA:292,10
DA:293,10
LF:138
LH:137
BRDA:26,0,0,4
BRDA:26,0,1,63
BRDA:26,1,0,67
BRDA:26,1,1,64
BRDA:26,1,2,64
BRDA:33,2,0,1
BRDA:33,2,1,14
BRDA:36,3,0,2
BRDA:36,3,1,12
BRDA:36,4,0,14
BRDA:36,4,1,12
BRDA:39,5,0,3
BRDA:39,5,1,9
BRDA:39,6,0,12
BRDA:39,6,1,9
BRDA:39,6,2,9
BRDA:43,7,0,9
BRDA:43,7,1,6
BRDA:44,8,0,1
BRDA:44,8,1,14
BRDA:44,9,0,15
BRDA:44,9,1,8
BRDA:54,10,0,7
BRDA:54,10,1,1
BRDA:55,11,0,1
BRDA:55,11,1,14
BRDA:68,12,0,2
BRDA:68,12,1,5
BRDA:76,13,0,3
BRDA:76,13,1,43
BRDA:79,14,0,1
BRDA:79,14,1,42
BRDA:79,15,0,43
BRDA:79,15,1,42
BRDA:82,16,0,1
BRDA:82,16,1,41
BRDA:82,17,0,42
BRDA:82,17,1,41
BRDA:82,17,2,41
BRDA:85,18,0,1
BRDA:85,18,1,40
BRDA:89,19,0,40
BRDA:89,19,1,39
BRDA:90,20,0,1
BRDA:90,20,1,45
BRDA:90,21,0,46
BRDA:90,21,1,39
BRDA:102,22,0,3
BRDA:102,22,1,39
BRDA:105,23,0,29
BRDA:105,23,1,10
BRDA:107,24,0,1
BRDA:107,24,1,28
BRDA:117,25,0,9
BRDA:117,25,1,30
BRDA:133,26,0,30
BRDA:133,26,1,9
BRDA:145,27,0,1
BRDA:145,27,1,2
BRDA:145,28,0,3
BRDA:145,28,1,2
BRDA:167,29,0,2
BRDA:167,29,1,7
BRDA:167,30,0,9
BRDA:167,30,1,7
BRDA:169,31,0,6
BRDA:169,31,1,1
BRDA:170,32,0,1
BRDA:170,32,1,8
BRDA:170,33,0,9
BRDA:170,33,1,5
BRDA:172,34,0,3
BRDA:172,34,1,2
BRDA:172,35,0,5
BRDA:172,35,1,3
BRDA:173,36,0,3
BRDA:173,36,1,1
BRDA:175,37,0,1
BRDA:175,37,1,1
BRDA:176,38,0,1
BRDA:176,38,1,0
BRDA:177,39,0,1
BRDA:177,39,1,0
BRDA:186,40,0,10
BRDA:186,40,1,1
BRDA:186,41,0,11
BRDA:186,41,1,1
BRDA:191,42,0,1
BRDA:191,42,1,11
BRDA:191,43,0,12
BRDA:191,43,1,1
BRDA:199,44,0,9
BRDA:199,44,1,0
BRDA:200,45,0,9
BRDA:200,45,1,0
BRDA:200,46,0,9
BRDA:200,46,1,9
BRDA:215,47,0,0
BRDA:215,47,1,8
BRDA:215,48,0,8
BRDA:215,48,1,8
BRDA:216,49,0,1
BRDA:216,49,1,7
BRDA:220,50,0,6
BRDA:220,50,1,1
BRDA:220,51,0,7
BRDA:220,51,1,6
BRDA:224,52,0,6
BRDA:224,52,1,13
BRDA:226,53,0,6
BRDA:226,53,1,7
BRDA:229,54,0,7
BRDA:229,54,1,0
BRDA:232,55,0,9
BRDA:232,55,1,9
BRDA:234,56,0,1
BRDA:234,56,1,8
BRDA:237,57,0,8
BRDA:237,57,1,7
BRDA:247,58,0,1
BRDA:247,58,1,1
BRDA:248,59,0,1
BRDA:248,59,1,0
BRDA:248,60,0,1
BRDA:248,60,1,1
BRDA:248,60,2,1
BRDA:271,61,0,31
BRDA:271,61,1,10
BRDA:271,62,0,41
BRDA:271,62,1,41
BRDA:271,62,2,41
BRDA:272,63,0,31
BRDA:272,63,1,0
BRDA:274,64,0,0
BRDA:274,64,1,10
BRDA:274,65,0,10
BRDA:274,65,1,0
BRDA:281,66,0,31
BRDA:281,66,1,2
BRDA:284,67,0,1
BRDA:284,67,1,1
BRDA:291,68,0,10
BRDA:291,68,1,2
BRDA:291,69,0,12
BRDA:291,69,1,10
BRDA:293,70,0,8
BRDA:293,70,1,2
BRF:147
BRH:137
end_of_record
TN:
SF:src/nonce-manager.ts
FN:5,constructor
FN:13,getNextNonce
FN:17,(anonymous_2)
FN:42,getCurrentNonce
FNF:4
FNH:4
FNDA:5,constructor
FNDA:156,getNextNonce
FNDA:156,(anonymous_2)
FNDA:1,getCurrentNonce
DA:3,5
DA:6,5
DA:14,156
DA:17,156
DA:18,156
DA:21,156
DA:23,156
DA:24,156
DA:25,154
DA:27,156
DA:28,1
DA:29,1
DA:32,153
DA:33,153
DA:35,2
DA:36,2
DA:38,156
DA:43,1
LF:18
LH:18
BRDA:5,0,0,5
BRDA:25,1,0,153
BRDA:25,1,1,1
BRDA:27,2,0,1
BRDA:27,2,1,155
BRF:5
BRH:5
end_of_record
TN:
SF:src/signer.ts
FN:10,constructor
FN:11,sign
FN:14,publicKey
FN:39,constructor_2
FN:46,normalizeTimeoutMs
FN:53,normalizeMaxPayloadSize
FN:60,isActive
FN:67,getChainId
FN:90,_signTypedData
FN:119,signProposal
FN:132,sign_2
FN:140,(anonymous_11)
FN:143,(anonymous_12)
FN:150,(anonymous_13)
FN:159,(anonymous_14)
FN:170,(anonymous_15)
FN:177,publicKey_2
FN:184,cleanup
FNF:18
FNH:18
FNDA:2,constructor
FNDA:1,sign
FNDA:1,publicKey
FNDA:52,constructor_2
FNDA:5,normalizeTimeoutMs
FNDA:5,normalizeMaxPayloadSize
FNDA:3,isActive
FNDA:11,getChainId
FNDA:8,_signTypedData
FNDA:5,signProposal
FNDA:32,sign_2
FNDA:26,(anonymous_11)
FNDA:26,(anonymous_12)
FNDA:2,(anonymous_13)
FNDA:26,(anonymous_14)
FNDA:2,(anonymous_15)
FNDA:2,publicKey_2
FNDA:51,cleanup
DA:10,2
DA:12,1
DA:15,1
DA:26,5
DA:27,5
DA:28,5
DA:29,5
DA:36,52
DA:37,52
DA:40,52
DA:41,52
DA:42,52
DA:43,52
DA:47,52
DA:48,21
DA:50,31
DA:54,52
DA:55,51
DA:57,1
DA:61,3
DA:68,11
DA:69,9
DA:70,5
DA:71,5
DA:72,5
DA:74,7
DA:75,2
DA:76,2
DA:77,2
DA:81,9
DA:82,2
DA:83,2
DA:84,2
DA:87,7
DA:95,8
DA:96,1
DA:98,7
DA:99,3
DA:101,4
DA:102,2
DA:105,2
DA:106,2
DA:111,2
DA:120,5
DA:121,1
DA:123,4
DA:124,3
DA:127,1
DA:128,1
DA:129,1
DA:133,32
DA:134,2
DA:136,30
DA:137,4
DA:140,26
DA:141,26
DA:143,26
DA:144,26
DA:145,26
DA:146,26
DA:147,26
DA:150,26
DA:151,2
DA:152,2
DA:153,2
DA:156,26
DA:158,26
DA:160,26
DA:161,25
DA:162,25
DA:163,22
DA:164,1
DA:167,21
DA:168,21
DA:171,2
DA:172,2
DA:178,2
DA:179,1
DA:181,1
DA:185,51
DA:186,51
DA:187,1
DA:189,51
LF:83
LH:83
BRDA:39,0,0,52
BRDA:47,1,0,21
BRDA:47,1,1,31
BRDA:47,2,0,52
BRDA:47,2,1,33
BRDA:47,2,2,32
BRDA:54,3,0,51
BRDA:54,3,1,1
BRDA:54,4,0,52
BRDA:54,4,1,3
BRDA:54,4,2,3
BRDA:54,4,3,2
BRDA:68,5,0,9
BRDA:68,5,1,2
BRDA:69,6,0,5
BRDA:69,6,1,4
BRDA:69,7,0,9
BRDA:69,7,1,5
BRDA:71,8,0,2
BRDA:71,8,1,3
BRDA:71,9,0,3
BRDA:71,9,1,0
BRDA:72,10,0,2
BRDA:72,10,1,3
BRDA:72,11,0,5
BRDA:72,11,1,4
BRDA:72,11,2,3
BRDA:74,12,0,2
BRDA:74,12,1,5
BRDA:74,13,0,7
BRDA:74,13,1,2
BRDA:76,14,0,2
BRDA:76,14,1,0
BRDA:76,15,0,0
BRDA:76,15,1,0
BRDA:77,16,0,0
BRDA:77,16,1,2
BRDA:77,17,0,2
BRDA:77,17,1,2
BRDA:77,17,2,1
BRDA:81,18,0,2
BRDA:81,18,1,7
BRDA:81,19,0,9
BRDA:81,19,1,2
BRDA:83,20,0,2
BRDA:83,20,1,0
BRDA:83,21,0,0
BRDA:83,21,1,0
BRDA:84,22,0,2
BRDA:84,22,1,0
BRDA:84,23,0,2
BRDA:84,23,1,2
BRDA:95,24,0,1
BRDA:95,24,1,7
BRDA:98,25,0,3
BRDA:98,25,1,4
BRDA:98,26,0,7
BRDA:98,26,1,6
BRDA:98,26,2,5
BRDA:101,27,0,2
BRDA:101,27,1,2
BRDA:101,28,0,4
BRDA:101,28,1,3
BRDA:101,28,2,2
BRDA:120,29,0,1
BRDA:120,29,1,4
BRDA:123,30,0,3
BRDA:123,30,1,1
BRDA:123,31,0,4
BRDA:123,31,1,2
BRDA:133,32,0,2
BRDA:133,32,1,30
BRDA:136,33,0,4
BRDA:136,33,1,26
BRDA:136,34,0,30
BRDA:136,34,1,28
BRDA:144,35,0,0
BRDA:144,35,1,26
BRDA:160,36,0,1
BRDA:160,36,1,25
BRDA:160,37,0,26
BRDA:160,37,1,25
BRDA:161,38,0,25
BRDA:161,38,1,0
BRDA:163,39,0,1
BRDA:163,39,1,21
BRDA:163,40,0,22
BRDA:163,40,1,21
BRDA:178,41,0,1
BRDA:178,41,1,1
BRF:90
BRH:79
end_of_record
TN:
SF:src/soroban.ts
FN:44,getServer
FN:56,clearServerCache
FN:68,normalizePollingOptions
FN:81,buildContractCallTx
FN:113,invokeContract
FN:174,simulateReadOnly
FN:203,getTokenDecimals
FN:215,scValToI128
FN:224,scValToU64
FN:229,u64ToScVal
FN:234,boolToScVal
FN:238,sleep
FN:239,(anonymous_12)
FNF:13
FNH:13
FNDA:41,getServer
FNDA:12,clearServerCache
FNDA:9,normalizePollingOptions
FNDA:11,buildContractCallTx
FNDA:9,invokeContract
FNDA:6,simulateReadOnly
FNDA:3,getTokenDecimals
FNDA:20,scValToI128
FNDA:12,scValToU64
FNDA:5,u64ToScVal
FNDA:9,boolToScVal
FNDA:7,sleep
FNDA:7,(anonymous_12)
DA:24,18
DA:30,18
DA:42,18
DA:45,41
DA:46,41
DA:47,15
DA:48,15
DA:50,41
DA:57,12
DA:65,18
DA:66,18
DA:69,9
DA:89,11
DA:92,11
DA:93,11
DA:95,2
DA:98,9
DA:100,9
DA:120,9
DA:121,9
DA:125,9
DA:126,9
DA:128,1
DA:130,8
DA:131,1
DA:135,7
DA:138,7
DA:142,7
DA:143,7
DA:145,1
DA:147,6
DA:148,1
DA:152,5
DA:153,5
DA:154,7
DA:156,7
DA:157,7
DA:159,1
DA:161,6
DA:162,1
DA:164,5
DA:165,1
DA:168,2
DA:179,6
DA:182,6
DA:183,6
DA:185,2
DA:188,4
DA:189,1
DA:191,3
DA:192,1
DA:194,2
DA:209,3
DA:210,1
DA:211,1
DA:216,20
DA:217,20
DA:218,20
DA:220,20
DA:225,12
DA:230,5
DA:235,9
DA:239,7
LF:63
LH:63
BRDA:46,0,0,15
BRDA:46,0,1,26
BRDA:68,1,0,9
BRDA:70,2,0,9
BRDA:70,2,1,6
BRDA:71,3,0,9
BRDA:71,3,1,6
BRDA:95,4,0,2
BRDA:95,4,1,2
BRDA:118,5,0,9
BRDA:128,6,0,1
BRDA:128,6,1,1
BRDA:130,7,0,1
BRDA:130,7,1,7
BRDA:145,8,0,1
BRDA:145,8,1,1
BRDA:147,9,0,1
BRDA:147,9,1,5
BRDA:159,10,0,1
BRDA:159,10,1,1
BRDA:161,11,0,1
BRDA:161,11,1,5
BRDA:164,12,0,1
BRDA:164,12,1,4
BRDA:185,13,0,2
BRDA:185,13,1,1
BRDA:188,14,0,1
BRDA:188,14,1,3
BRDA:191,15,0,1
BRDA:191,15,1,2
BRF:30
BRH:30
end_of_record
TN:
SF:src/streams.ts
FN:53,warnV1Deprecated
FN:76,constructor
FN:92,setWallet
FN:96,_signer
FN:100,_signerPublicKey
FN:115,_resolveCallerAddress
FN:139,create
FN:213,get
FN:223,withdrawable
FN:233,withdraw
FN:253,batchWithdraw
FN:257,(anonymous_11)
FN:260,(anonymous_12)
FN:275,cancel
FN:281,pause
FN:287,resume
FN:293,topUp
FN:304,clawback
FN:331,list
FN:352,(anonymous_19)
FN:357,(anonymous_20)
FN:359,(anonymous_21)
FN:385,subscribeAsync
FN:396,subscribe
FN:401,(anonymous_24)
FN:402,(anonymous_25)
FN:409,(anonymous_26)
FN:423,_ensureCanMutate
FN:429,_getSenderAddress
FN:442,_signTx
FN:469,_server
FN:478,_resolveAddr
FN:484,_simulateTx
FN:495,_invoke
FN:509,_sendAndPoll
FN:546,parseStreamInfo
FN:568,(anonymous_36)
FN:572,sleep
FN:573,(anonymous_38)
FNF:39
FNH:38
FNDA:17,warnV1Deprecated
FNDA:102,constructor
FNDA:4,setWallet
FNDA:1,_signer
FNDA:105,_signerPublicKey
FNDA:40,_resolveCallerAddress
FNDA:17,create
FNDA:34,get
FNDA:1,withdrawable
FNDA:2,withdraw
FNDA:6,batchWithdraw
FNDA:10,(anonymous_11)
FNDA:10,(anonymous_12)
FNDA:2,cancel
FNDA:4,pause
FNDA:2,resume
FNDA:2,topUp
FNDA:3,clawback
FNDA:17,list
FNDA:2,(anonymous_19)
FNDA:13,(anonymous_20)
FNDA:32,(anonymous_21)
FNDA:6,subscribeAsync
FNDA:5,subscribe
FNDA:4,(anonymous_24)
FNDA:1,(anonymous_25)
FNDA:5,(anonymous_26)
FNDA:24,_ensureCanMutate
FNDA:28,_getSenderAddress
FNDA:20,_signTx
FNDA:50,_server
FNDA:44,_resolveAddr
FNDA:34,_simulateTx
FNDA:7,_invoke
FNDA:18,_sendAndPoll
FNDA:32,parseStreamInfo
FNDA:0,(anonymous_36)
FNDA:19,sleep
FNDA:19,(anonymous_38)
DA:42,22
DA:55,17
DA:58,17
DA:59,16
DA:60,4
DA:61,4
DA:76,102
DA:77,102
DA:78,102
DA:79,102
DA:80,102
DA:82,102
DA:83,8
DA:84,94
DA:85,46
DA:93,4
DA:97,1
DA:101,105
DA:102,2
DA:103,2
DA:105,103
DA:106,95
DA:107,46
DA:116,40
DA:117,10
DA:118,10
DA:120,31
DA:121,30
DA:122,29
DA:140,17
DA:141,17
DA:146,16
DA:149,16
DA:150,1
DA:152,15
DA:153,1
DA:155,14
DA:156,1
DA:158,13
DA:159,1
DA:161,12
DA:162,1
DA:164,11
DA:165,2
DA:168,9
DA:171,17
DA:173,7
DA:174,7
DA:177,17
DA:178,17
DA:180,17
DA:191,17
DA:192,7
DA:193,7
DA:195,7
DA:196,1
DA:199,6
DA:200,6
DA:201,6
DA:203,3
DA:204,1
DA:206,2
DA:208,2
DA:209,17
DA:214,34
DA:215,34
DA:216,33
DA:217,33
DA:218,33
DA:219,32
DA:224,1
DA:225,1
DA:226,1
DA:227,1
DA:228,1
DA:229,1
DA:234,2
DA:235,2
DA:236,2
DA:237,0
DA:254,6
DA:256,6
DA:257,10
DA:260,5
DA:261,10
DA:262,10
DA:263,8
DA:265,2
DA:266,2
DA:276,2
DA:277,2
DA:282,4
DA:283,4
DA:288,2
DA:289,2
DA:294,2
DA:295,2
DA:305,3
DA:306,3
DA:307,2
DA:308,2
DA:309,2
DA:310,2
DA:312,2
DA:313,1
DA:316,1
DA:317,1
DA:318,1
DA:320,1
DA:321,0
DA:323,1
DA:332,17
DA:333,17
DA:339,17
DA:341,5
DA:342,5
DA:344,0
DA:346,5
DA:347,3
DA:349,2
DA:352,14
DA:353,2
DA:355,14
DA:357,14
DA:358,13
DA:359,32
DA:360,13
DA:361,13
DA:362,13
DA:374,14
DA:375,10
DA:376,4
DA:377,3
DA:381,1
DA:389,6
DA:390,6
DA:391,4
DA:392,4
DA:397,5
DA:398,5
DA:400,5
DA:401,4
DA:403,1
DA:404,1
DA:405,1
DA:408,5
DA:410,5
DA:411,5
DA:412,1
DA:413,1
DA:416,5
DA:424,24
DA:425,8
DA:430,28
DA:431,25
DA:433,3
DA:434,1
DA:436,2
DA:437,1
DA:439,1
DA:443,20
DA:444,16
DA:447,16
DA:448,2
DA:450,14
DA:451,0
DA:453,14
DA:455,4
DA:456,3
DA:457,3
DA:458,1
DA:460,3
DA:462,1
DA:463,1
DA:464,1
DA:466,0
DA:470,50
DA:471,25
DA:475,50
DA:479,44
DA:480,44
DA:481,43
DA:485,34
DA:486,34
DA:487,34
DA:488,1
DA:490,33
DA:491,33
DA:496,7
DA:497,7
DA:498,7
DA:499,7
DA:500,7
DA:501,0
DA:503,7
DA:504,7
DA:505,7
DA:506,5
DA:514,18
DA:515,18
DA:517,1
DA:519,17
DA:520,2
DA:522,15
DA:523,15
DA:524,18
DA:525,18
DA:526,19
DA:528,19
DA:529,19
DA:531,1
DA:533,18
DA:534,10
DA:536,8
DA:537,2
DA:540,2
DA:547,32
DA:548,32
DA:549,32
DA:550,0
DA:551,0
DA:553,32
DA:568,32
DA:569,32
DA:573,19
LF:225
LH:217
BRDA:55,0,0,17
BRDA:55,0,1,17
BRDA:55,0,2,17
BRDA:58,1,0,1
BRDA:58,1,1,16
BRDA:59,2,0,12
BRDA:59,2,1,4
BRDA:77,3,0,102
BRDA:77,3,1,89
BRDA:82,4,0,8
BRDA:82,4,1,94
BRDA:84,5,0,46
BRDA:84,5,1,48
BRDA:97,6,0,1
BRDA:97,6,1,1
BRDA:101,7,0,2
BRDA:101,7,1,103
BRDA:103,8,0,2
BRDA:103,8,1,0
BRDA:105,9,0,8
BRDA:105,9,1,95
BRDA:106,10,0,49
BRDA:106,10,1,46
BRDA:116,11,0,10
BRDA:116,11,1,30
BRDA:118,12,0,9
BRDA:118,12,1,1
BRDA:120,13,0,1
BRDA:120,13,1,30
BRDA:121,14,0,1
BRDA:121,14,1,29
BRDA:145,15,0,16
BRDA:149,16,0,1
BRDA:149,16,1,15
BRDA:149,17,0,16
BRDA:149,17,1,15
BRDA:149,17,2,15
BRDA:152,18,0,1
BRDA:152,18,1,14
BRDA:152,19,0,15
BRDA:152,19,1,14
BRDA:152,19,2,14
BRDA:155,20,0,1
BRDA:155,20,1,13
BRDA:155,21,0,14
BRDA:155,21,1,13
BRDA:155,21,2,13
BRDA:158,22,0,1
BRDA:158,22,1,12
BRDA:158,23,0,13
BRDA:158,23,1,10
BRDA:158,23,2,10
BRDA:161,24,0,1
BRDA:161,24,1,11
BRDA:161,25,0,12
BRDA:161,25,1,1
BRDA:161,25,2,1
BRDA:164,26,0,2
BRDA:164,26,1,9
BRDA:164,27,0,11
BRDA:164,27,1,2
BRDA:168,28,0,9
BRDA:168,28,1,0
BRDA:174,29,0,0
BRDA:174,29,1,7
BRDA:177,30,0,17
BRDA:177,30,1,7
BRDA:178,31,0,7
BRDA:178,31,1,0
BRDA:195,32,0,1
BRDA:195,32,1,6
BRDA:203,33,0,1
BRDA:203,33,1,2
BRDA:208,34,0,2
BRDA:208,34,1,0
BRDA:236,35,0,2
BRDA:236,35,1,0
BRDA:262,36,0,8
BRDA:262,36,1,2
BRDA:269,37,0,2
BRDA:269,37,1,0
BRDA:312,38,0,1
BRDA:312,38,1,1
BRDA:320,39,0,0
BRDA:320,39,1,1
BRDA:332,40,0,17
BRDA:333,41,0,17
BRDA:333,41,1,12
BRDA:339,42,0,5
BRDA:339,42,1,12
BRDA:346,43,0,3
BRDA:346,43,1,2
BRDA:368,44,0,2
BRDA:368,44,1,11
BRDA:374,45,0,10
BRDA:374,45,1,4
BRDA:376,46,0,3
BRDA:376,46,1,1
BRDA:390,47,0,2
BRDA:390,47,1,4
BRDA:401,48,0,1
BRDA:401,48,1,3
BRDA:403,49,0,1
BRDA:403,49,1,0
BRDA:411,50,0,1
BRDA:411,50,1,4
BRDA:424,51,0,8
BRDA:424,51,1,16
BRDA:424,52,0,24
BRDA:424,52,1,9
BRDA:424,52,2,8
BRDA:430,53,0,25
BRDA:430,53,1,3
BRDA:433,54,0,1
BRDA:433,54,1,2
BRDA:436,55,0,1
BRDA:436,55,1,1
BRDA:443,56,0,16
BRDA:443,56,1,4
BRDA:447,57,0,2
BRDA:447,57,1,14
BRDA:450,58,0,0
BRDA:450,58,1,14
BRDA:455,59,0,3
BRDA:455,59,1,1
BRDA:457,60,0,1
BRDA:457,60,1,2
BRDA:462,61,0,1
BRDA:462,61,1,0
BRDA:470,62,0,25
BRDA:470,62,1,25
BRDA:480,63,0,1
BRDA:480,63,1,43
BRDA:487,64,0,1
BRDA:487,64,1,33
BRDA:490,65,0,0
BRDA:490,65,1,33
BRDA:500,66,0,0
BRDA:500,66,1,7
BRDA:517,67,0,1
BRDA:517,67,1,0
BRDA:519,68,0,2
BRDA:519,68,1,15
BRDA:523,69,0,15
BRDA:523,69,1,13
BRDA:524,70,0,18
BRDA:524,70,1,13
BRDA:531,71,0,1
BRDA:531,71,1,0
BRDA:533,72,0,10
BRDA:533,72,1,8
BRDA:536,73,0,2
BRDA:536,73,1,6
BRDA:547,74,0,32
BRDA:547,74,1,0
BRDA:550,75,0,0
BRDA:550,75,1,0
BRDA:550,75,2,0
BRDA:556,76,0,0
BRDA:556,76,1,32
BRDA:557,77,0,0
BRDA:557,77,1,32
BRDA:558,78,0,0
BRDA:558,78,1,32
BRDA:559,79,0,0
BRDA:559,79,1,32
BRDA:560,80,0,0
BRDA:560,80,1,32
BRDA:561,81,0,0
BRDA:561,81,1,32
BRDA:562,82,0,0
BRDA:562,82,1,32
BRDA:563,83,0,32
BRDA:563,83,1,32
BRDA:564,84,0,0
BRDA:564,84,1,32
BRDA:565,85,0,32
BRDA:565,85,1,32
BRDA:566,86,0,32
BRDA:566,86,1,32
BRF:180
BRH:153
end_of_record
TN:
SF:src/utils.ts
FN:6,_pow10
FN:20,toStroops
FN:40,fromStroops
FN:57,calculateRate
FN:72,streamProgress
FN:84,withdrawableLocal
FN:116,bigintSafeStringify
FN:120,_safeStringify
FN:157,isValidAddress
FNF:9
FNH:9
FNDA:41,_pow10
FNDA:34,toStroops
FNDA:7,fromStroops
FNDA:14,calculateRate
FNDA:4,streamProgress
FNDA:6,withdrawableLocal
FNDA:573,bigintSafeStringify
FNDA:2145,_safeStringify
FNDA:8,isValidAddress
DA:4,29
DA:7,41
DA:8,41
DA:9,3
DA:10,3
DA:12,41
DA:21,34
DA:22,34
DA:23,20
DA:25,14
DA:26,34
DA:27,34
DA:29,34
DA:30,34
DA:31,4
DA:32,4
DA:33,3
DA:36,14
DA:41,7
DA:42,7
DA:43,7
DA:44,7
DA:45,26
DA:46,7
DA:47,7
DA:58,14
DA:59,14
DA:60,14
DA:61,13
DA:62,13
DA:64,13
DA:73,4
DA:74,4
DA:75,3
DA:76,2
DA:77,1
DA:85,6
DA:87,5
DA:93,6
DA:95,4
DA:96,4
DA:98,4
DA:99,4
DA:100,4
DA:117,573
DA:121,2145
DA:123,299
DA:125,1846
DA:126,685
DA:127,685
DA:129,685
DA:130,2
DA:131,2
DA:132,2
DA:133,8
DA:135,2
DA:138,683
DA:139,683
DA:140,683
DA:141,683
DA:142,1564
DA:143,1564
DA:145,683
DA:158,8
DA:159,3
DA:161,5
LF:66
LH:66
BRDA:8,0,0,3
BRDA:8,0,1,38
BRDA:20,1,0,34
BRDA:22,2,0,20
BRDA:22,2,1,14
BRDA:25,3,0,14
BRDA:25,3,1,0
BRDA:30,4,0,4
BRDA:30,4,1,30
BRDA:32,5,0,3
BRDA:32,5,1,1
BRDA:40,6,0,7
BRDA:45,7,0,7
BRDA:45,7,1,31
BRDA:46,8,0,2
BRDA:46,8,1,5
BRDA:57,9,0,14
BRDA:60,10,0,1
BRDA:60,10,1,13
BRDA:64,11,0,7
BRDA:64,11,1,6
BRDA:72,12,0,4
BRDA:74,13,0,1
BRDA:74,13,1,3
BRDA:75,14,0,1
BRDA:75,14,1,2
BRDA:76,15,0,1
BRDA:76,15,1,1
BRDA:84,16,0,6
BRDA:85,17,0,1
BRDA:85,17,1,5
BRDA:87,18,0,1
BRDA:87,18,1,4
BRDA:89,19,0,1
BRDA:89,19,1,3
BRDA:89,20,0,4
BRDA:89,20,1,4
BRDA:93,21,0,1
BRDA:93,21,1,5
BRDA:96,22,0,0
BRDA:96,22,1,4
BRDA:100,23,0,4
BRDA:100,23,1,0
BRDA:121,24,0,299
BRDA:121,24,1,1846
BRDA:125,25,0,1161
BRDA:125,25,1,685
BRDA:125,26,0,1846
BRDA:125,26,1,1843
BRDA:126,27,0,0
BRDA:126,27,1,685
BRDA:129,28,0,2
BRDA:129,28,1,683
BRDA:158,29,0,3
BRDA:158,29,1,5
BRDA:158,30,0,8
BRDA:158,30,1,6
BRF:57
BRH:53
end_of_record
TN:
SF:src/adapters/index.ts
FNF:0
FNH:0
LF:0
LH:0
BRF:0
BRH:0
end_of_record
TN:
SF:src/adapters/keypair.ts
FN:9,constructor
FN:11,getPublicKey
FN:15,signTransaction
FN:35,isConnected
FNF:4
FNH:4
FNDA:50,constructor
FNDA:34,getPublicKey
FNDA:17,signTransaction
FNDA:1,isConnected
DA:9,50
DA:12,34
DA:19,17
DA:20,2
DA:21,1
DA:26,1
DA:27,1
DA:28,1
DA:31,15
DA:32,15
DA:36,1
LF:11
LH:11
BRDA:19,0,0,2
BRDA:19,0,1,15
BRDA:20,1,0,1
BRDA:20,1,1,1
BRF:4
BRH:4
end_of_record
TN:
SF:src/adapters/types.ts
FNF:0
FNH:0
LF:0
LH:0
BRF:0
BRH:0
end_of_record
TN:
SF:src/adapters/walletconnect.ts
FN:69,constructor
FN:94,setSession
FN:101,isConnected
FN:108,getPublicKey
FN:119,connect
FN:161,_withTimeout
FN:163,(anonymous_6)
FN:164,(anonymous_7)
FN:169,(anonymous_8)
FN:175,disconnect
FN:195,signTransaction
FN:247,getPublicKeyFromSession
FNF:12
FNH:11
FNDA:51,constructor
FNDA:0,setSession
FNDA:26,isConnected
FNDA:11,getPublicKey
FNDA:6,connect
FNDA:10,_withTimeout
FNDA:10,(anonymous_6)
FNDA:5,(anonymous_7)
FNDA:10,(anonymous_8)
FNDA:5,disconnect
FNDA:1,signTransaction
FNDA:28,getPublicKeyFromSession
DA:51,7
DA:70,51
DA:71,51
DA:76,51
DA:77,6
DA:78,6
DA:84,45
DA:85,45
DA:86,45
DA:87,51
DA:88,51
DA:95,0
DA:102,26
DA:109,11
DA:110,11
DA:111,3
DA:113,8
DA:120,6
DA:121,1
DA:124,5
DA:125,5
DA:138,2
DA:139,1
DA:140,1
DA:141,1
DA:148,1
DA:149,1
DA:150,0
DA:153,1
DA:163,10
DA:164,10
DA:165,5
DA:169,10
DA:176,5
DA:177,5
DA:178,5
DA:179,4
DA:188,5
DA:199,1
DA:200,1
DA:201,1
DA:203,1
DA:204,0
DA:207,1
DA:208,1
DA:209,0
DA:213,1
DA:226,1
DA:227,1
DA:231,1
DA:232,0
DA:235,1
DA:236,0
DA:239,1
DA:248,28
DA:251,26
DA:252,8
DA:258,18
DA:259,18
DA:260,8
DA:261,8
DA:262,7
DA:267,11
DA:268,5
DA:269,5
DA:272,6
LF:66
LH:60
BRDA:69,0,0,51
BRDA:71,1,0,51
BRDA:71,1,1,32
BRDA:76,2,0,6
BRDA:76,2,1,45
BRDA:86,3,0,45
BRDA:86,3,1,32
BRDA:87,4,0,51
BRDA:87,4,1,23
BRDA:88,5,0,51
BRDA:88,5,1,40
BRDA:95,6,0,0
BRDA:95,6,1,0
BRDA:102,7,0,26
BRDA:102,7,1,16
BRDA:110,8,0,3
BRDA:110,8,1,8
BRDA:120,9,0,1
BRDA:120,9,1,5
BRDA:124,10,0,5
BRDA:124,10,1,0
BRDA:124,11,0,5
BRDA:124,11,1,5
BRDA:138,12,0,1
BRDA:138,12,1,1
BRDA:140,13,0,1
BRDA:140,13,1,0
BRDA:149,14,0,0
BRDA:149,14,1,1
BRDA:178,15,0,4
BRDA:178,15,1,1
BRDA:178,16,0,5
BRDA:178,16,1,5
BRDA:178,16,2,5
BRDA:200,17,0,0
BRDA:200,17,1,1
BRDA:203,18,0,0
BRDA:203,18,1,1
BRDA:203,19,0,1
BRDA:203,19,1,1
BRDA:208,20,0,0
BRDA:208,20,1,1
BRDA:220,21,0,1
BRDA:220,21,1,1
BRDA:227,22,0,1
BRDA:227,22,1,0
BRDA:229,23,0,0
BRDA:229,23,1,0
BRDA:229,23,2,0
BRDA:231,24,0,0
BRDA:231,24,1,1
BRDA:235,25,0,0
BRDA:235,25,1,1
BRDA:239,26,0,1
BRDA:239,26,1,0
BRDA:248,27,0,2
BRDA:248,27,1,26
BRDA:251,28,0,8
BRDA:251,28,1,18
BRDA:252,29,0,0
BRDA:252,29,1,8
BRDA:253,30,0,0
BRDA:253,30,1,0
BRDA:259,31,0,8
BRDA:259,31,1,10
BRDA:259,32,0,18
BRDA:259,32,1,9
BRDA:259,32,2,8
BRDA:261,33,0,7
BRDA:261,33,1,1
BRDA:262,34,0,7
BRDA:262,34,1,0
BRDA:262,35,0,7
BRDA:262,35,1,0
BRDA:267,36,0,5
BRDA:267,36,1,6
BRDA:267,37,0,11
BRDA:267,37,1,6
BRDA:269,38,0,5
BRDA:269,38,1,0
BRDA:269,39,0,5
BRDA:269,39,1,0
BRF:82
BRH:60
end_of_record
TN:
SF:src/dashboard/transaction-history.ts
FN:136,createInitialTransactionHistoryState
FN:190,asString
FN:197,asTimestamp
FN:215,asEnum
FN:226,toErrorMessage
FN:248,normalizeTransaction
FN:282,normalizeTransactions
FN:295,(anonymous_7)
FN:325,clampPage
FN:339,transactionHistoryReducer
FN:442,selectFilteredTransactions
FN:449,(anonymous_11)
FN:458,(anonymous_12)
FN:465,selectVisibleTransactions
FN:469,(anonymous_14)
FN:480,selectTotalPages
FN:493,selectViewStatus
FN:510,formatAddress
FN:519,formatAmount
FN:540,formatTimestamp
FNF:20
FNH:20
FNDA:23,createInitialTransactionHistoryState
FNDA:262,asString
FNDA:34,asTimestamp
FNDA:83,asEnum
FNDA:9,toErrorMessage
FNDA:38,normalizeTransaction
FNDA:24,normalizeTransactions
FNDA:1,(anonymous_7)
FNDA:36,clampPage
FNDA:41,transactionHistoryReducer
FNDA:45,selectFilteredTransactions
FNDA:42,(anonymous_11)
FNDA:27,(anonymous_12)
FNDA:22,selectVisibleTransactions
FNDA:8,(anonymous_14)
FNDA:3,selectTotalPages
FNDA:12,selectViewStatus
FNDA:8,formatAddress
FNDA:12,formatAmount
FNDA:7,formatTimestamp
DA:119,1
DA:122,1
DA:139,23
DA:149,23
DA:159,23
DA:162,1
DA:170,1
DA:180,1
DA:191,262
DA:192,16
DA:193,15
DA:194,14
DA:198,34
DA:200,29
DA:202,5
DA:203,3
DA:204,3
DA:205,3
DA:206,3
DA:208,4
DA:209,0
DA:210,0
DA:212,4
DA:220,83
DA:221,80
DA:222,80
DA:230,9
DA:231,7
DA:232,4
DA:233,2
DA:234,2
DA:236,3
DA:249,38
DA:251,30
DA:253,30
DA:254,38
DA:258,38
DA:260,27
DA:262,38
DA:283,24
DA:285,24
DA:286,11
DA:287,11
DA:296,1
DA:303,24
DA:305,15
DA:306,15
DA:308,15
DA:309,27
DA:310,27
DA:313,19
DA:314,17
DA:315,17
DA:318,15
DA:326,36
DA:327,36
DA:328,34
DA:329,34
DA:330,33
DA:331,33
DA:343,41
DA:345,41
DA:346,2
DA:349,39
DA:353,5
DA:356,9
DA:357,9
DA:361,9
DA:377,4
DA:384,5
DA:385,5
DA:387,5
DA:388,2
DA:390,5
DA:391,0
DA:393,5
DA:394,0
DA:396,5
DA:397,2
DA:400,5
DA:409,5
DA:410,5
DA:414,5
DA:419,8
DA:423,8
DA:426,8
DA:430,2
DA:433,1
DA:445,45
DA:446,45
DA:447,45
DA:449,45
DA:450,42
DA:451,42
DA:452,38
DA:453,38
DA:454,0
DA:456,38
DA:458,9
DA:459,27
DA:468,22
DA:469,22
DA:471,22
DA:472,22
DA:473,22
DA:474,22
DA:476,22
DA:483,3
DA:484,3
DA:485,3
DA:496,12
DA:497,12
DA:499,12
DA:500,10
DA:501,7
DA:502,3
DA:511,8
DA:512,8
DA:513,5
DA:514,5
DA:515,4
DA:520,12
DA:521,12
DA:522,12
DA:523,12
DA:525,10
DA:526,10
DA:527,10
DA:528,12
DA:529,12
DA:531,12
DA:532,12
DA:534,12
DA:541,7
DA:542,7
DA:543,4
DA:544,4
DA:545,4
LF:138
LH:133
BRDA:137,0,0,23
BRDA:153,1,0,0
BRDA:153,1,1,23
BRDA:156,2,0,23
BRDA:156,2,1,23
BRDA:190,3,0,262
BRDA:191,4,0,246
BRDA:191,4,1,16
BRDA:192,5,0,1
BRDA:192,5,1,15
BRDA:192,6,0,16
BRDA:192,6,1,1
BRDA:193,7,0,1
BRDA:193,7,1,14
BRDA:198,8,0,29
BRDA:198,8,1,5
BRDA:198,9,0,34
BRDA:198,9,1,29
BRDA:200,10,0,6
BRDA:200,10,1,23
BRDA:202,11,0,3
BRDA:202,11,1,2
BRDA:202,12,0,5
BRDA:202,12,1,3
BRDA:204,13,0,0
BRDA:204,13,1,3
BRDA:206,14,0,1
BRDA:206,14,1,2
BRDA:208,15,0,0
BRDA:208,15,1,4
BRDA:210,16,0,0
BRDA:210,16,1,0
BRDA:220,17,0,3
BRDA:220,17,1,80
BRDA:222,18,0,77
BRDA:222,18,1,3
BRDA:228,19,0,9
BRDA:230,20,0,2
BRDA:230,20,1,7
BRDA:230,21,0,9
BRDA:230,21,1,2
BRDA:231,22,0,3
BRDA:231,22,1,4
BRDA:231,23,0,7
BRDA:231,23,1,4
BRDA:232,24,0,2
BRDA:232,24,1,2
BRDA:232,25,0,4
BRDA:232,25,1,2
BRDA:234,26,0,1
BRDA:234,26,1,1
BRDA:234,27,0,2
BRDA:234,27,1,2
BRDA:249,28,0,8
BRDA:249,28,1,30
BRDA:249,29,0,38
BRDA:249,29,1,35
BRDA:249,29,2,32
BRDA:253,30,0,30
BRDA:253,30,1,3
BRDA:253,30,2,3
BRDA:254,31,0,38
BRDA:254,31,1,4
BRDA:254,31,2,4
BRDA:258,32,0,3
BRDA:258,32,1,35
BRDA:258,33,0,38
BRDA:258,33,1,3
BRDA:260,34,0,27
BRDA:260,34,1,1
BRDA:260,34,2,1
BRDA:263,35,0,0
BRDA:263,35,1,27
BRDA:265,36,0,38
BRDA:265,36,1,1
BRDA:266,37,0,38
BRDA:266,37,1,1
BRDA:270,38,0,38
BRDA:270,38,1,1
BRDA:270,38,2,1
BRDA:272,39,0,38
BRDA:272,39,1,1
BRDA:272,39,2,1
BRDA:274,40,0,38
BRDA:274,40,1,1
BRDA:285,41,0,11
BRDA:285,41,1,13
BRDA:285,42,0,24
BRDA:285,42,1,20
BRDA:285,42,2,18
BRDA:288,43,0,11
BRDA:288,43,1,6
BRDA:288,43,2,5
BRDA:288,43,3,5
BRDA:288,43,4,4
BRDA:288,43,5,3
BRDA:294,44,0,1
BRDA:294,44,1,2
BRDA:296,45,0,1
BRDA:296,45,1,0
BRDA:296,46,0,1
BRDA:296,46,1,1
BRDA:303,47,0,9
BRDA:303,47,1,15
BRDA:310,48,0,8
BRDA:310,48,1,19
BRDA:313,49,0,2
BRDA:313,49,1,17
BRDA:326,50,0,35
BRDA:326,50,1,1
BRDA:327,51,0,2
BRDA:327,51,1,34
BRDA:329,52,0,1
BRDA:329,52,1,33
BRDA:331,53,0,3
BRDA:331,53,1,30
BRDA:343,54,0,41
BRDA:343,54,1,6
BRDA:345,55,0,2
BRDA:345,55,1,39
BRDA:345,56,0,41
BRDA:345,56,1,40
BRDA:345,56,2,40
BRDA:349,57,0,5
BRDA:349,57,1,9
BRDA:349,57,2,4
BRDA:349,57,3,5
BRDA:349,57,4,5
BRDA:349,57,5,8
BRDA:349,57,6,2
BRDA:349,57,7,1
BRDA:368,58,0,1
BRDA:368,58,1,8
BRDA:368,59,0,9
BRDA:368,59,1,1
BRDA:384,60,0,5
BRDA:384,60,1,0
BRDA:387,61,0,2
BRDA:387,61,1,3
BRDA:390,62,0,0
BRDA:390,62,1,5
BRDA:393,63,0,0
BRDA:393,63,1,5
BRDA:396,64,0,2
BRDA:396,64,1,3
BRDA:419,65,0,5
BRDA:419,65,1,3
BRDA:423,66,0,1
BRDA:423,66,1,7
BRDA:423,67,0,8
BRDA:423,67,1,5
BRDA:445,68,0,41
BRDA:445,68,1,4
BRDA:446,69,0,45
BRDA:446,69,1,4
BRDA:450,70,0,0
BRDA:450,70,1,42
BRDA:451,71,0,4
BRDA:451,71,1,38
BRDA:451,72,0,42
BRDA:451,72,1,5
BRDA:452,73,0,0
BRDA:452,73,1,38
BRDA:452,74,0,38
BRDA:452,74,1,0
BRDA:453,75,0,0
BRDA:453,75,1,38
BRDA:453,76,0,38
BRDA:453,76,1,0
BRDA:456,77,0,29
BRDA:456,77,1,9
BRDA:471,78,0,22
BRDA:471,78,1,2
BRDA:473,79,0,22
BRDA:473,79,1,2
BRDA:484,80,0,3
BRDA:484,80,1,1
BRDA:496,81,0,12
BRDA:496,81,1,1
BRDA:499,82,0,2
BRDA:499,82,1,10
BRDA:499,83,0,12
BRDA:499,83,1,3
BRDA:500,84,0,3
BRDA:500,84,1,7
BRDA:500,85,0,10
BRDA:500,85,1,4
BRDA:501,86,0,4
BRDA:501,86,1,3
BRDA:510,87,0,8
BRDA:512,88,0,3
BRDA:512,88,1,5
BRDA:514,89,0,1
BRDA:514,89,1,4
BRDA:519,90,0,12
BRDA:522,91,0,1
BRDA:522,91,1,11
BRDA:523,92,0,2
BRDA:523,92,1,10
BRDA:527,93,0,10
BRDA:527,93,1,0
BRDA:528,94,0,1
BRDA:528,94,1,9
BRDA:532,95,0,1
BRDA:532,95,1,9
BRDA:534,96,0,5
BRDA:534,96,1,5
BRDA:542,97,0,3
BRDA:542,97,1,4
BRDA:544,98,0,0
BRDA:544,98,1,4
BRF:211
BRH:194
end_of_record
TN:
SF:src/nonce/NonceManager.ts
FN:21,constructor
FN:39,toSafeBigInt
FN:50,nonceKey
FN:54,acquire
FN:64,(anonymous_4)
FN:69,nextNonce
FN:80,(anonymous_6)
FN:88,releaseLock
FN:98,current
FN:102,remaining
FN:106,acquired
FN:110,reset
FN:116,(anonymous_12)
FN:125,destroy
FN:132,isNonceValid
FN:144,acquireWithFallback
FN:151,(anonymous_16)
FN:152,(anonymous_17)
FN:168,safeAcquire
FN:180,(anonymous_19)
FNF:20
FNH:19
FNDA:27,constructor
FNDA:55,toSafeBigInt
FNDA:121,nonceKey
FNDA:124,acquire
FNDA:2,(anonymous_4)
FNDA:124,nextNonce
FNDA:125,(anonymous_6)
FNDA:128,releaseLock
FNDA:5,current
FNDA:3,remaining
FNDA:5,acquired
FNDA:1,reset
FNDA:0,(anonymous_12)
FNDA:25,destroy
FNDA:1,isNonceValid
FNDA:4,acquireWithFallback
FNDA:4,(anonymous_16)
FNDA:1,(anonymous_17)
FNDA:1,safeAcquire
FNDA:1,(anonymous_19)
DA:11,1
DA:16,27
DA:17,27
DA:18,27
DA:19,27
DA:22,27
DA:23,27
DA:25,27
DA:26,27
DA:28,27
DA:29,1
DA:31,26
DA:32,1
DA:34,25
DA:35,1
DA:40,55
DA:41,6
DA:42,6
DA:44,1
DA:47,49
DA:51,121
DA:55,124
DA:56,0
DA:59,124
DA:60,122
DA:61,122
DA:64,2
DA:65,2
DA:70,124
DA:71,124
DA:72,3
DA:73,3
DA:76,121
DA:77,121
DA:78,121
DA:80,121
DA:81,125
DA:82,125
DA:85,121
DA:89,128
DA:90,128
DA:91,2
DA:92,2
DA:94,126
DA:99,5
DA:103,3
DA:107,5
DA:111,1
DA:112,0
DA:115,1
DA:116,0
DA:119,1
DA:120,1
DA:121,1
DA:122,1
DA:126,25
DA:127,25
DA:128,25
DA:129,25
DA:133,9
DA:134,3
DA:136,6
DA:137,6
DA:138,9
DA:140,1
DA:145,4
DA:146,0
DA:149,4
DA:151,4
DA:152,4
DA:153,1
DA:157,4
DA:158,4
DA:160,3
DA:161,3
DA:163,0
DA:172,1
DA:174,1
DA:175,2
DA:176,2
DA:178,2
DA:179,2
DA:180,1
DA:185,2
LF:84
LH:79
BRDA:21,0,0,27
BRDA:22,1,0,27
BRDA:22,1,1,0
BRDA:23,2,0,27
BRDA:23,2,1,1
BRDA:28,3,0,1
BRDA:28,3,1,26
BRDA:31,4,0,1
BRDA:31,4,1,25
BRDA:34,5,0,1
BRDA:34,5,1,24
BRDA:40,6,0,6
BRDA:40,6,1,49
BRDA:55,7,0,0
BRDA:55,7,1,124
BRDA:59,8,0,122
BRDA:59,8,1,2
BRDA:71,9,0,3
BRDA:71,9,1,121
BRDA:90,10,0,2
BRDA:90,10,1,126
BRDA:111,11,0,0
BRDA:111,11,1,1
BRDA:119,12,0,1
BRDA:119,12,1,0
BRDA:133,13,0,3
BRDA:133,13,1,6
BRDA:133,14,0,9
BRDA:133,14,1,6
BRDA:133,14,2,5
BRDA:137,15,0,3
BRDA:137,15,1,3
BRDA:138,16,0,9
BRDA:138,16,1,4
BRDA:144,17,0,4
BRDA:145,18,0,0
BRDA:145,18,1,4
BRDA:160,19,0,3
BRDA:160,19,1,0
BRDA:169,20,0,1
BRDA:170,21,0,1
BRDA:178,22,0,2
BRDA:178,22,1,0
BRDA:179,23,0,1
BRDA:179,23,1,1
BRDA:185,24,0,2
BRDA:185,24,1,0
BRF:47
BRH:39
end_of_record
TN:
SF:src/relayer/ErrorMapper.ts
FN:33,constructor
FN:43,attach
FN:53,(anonymous_2)
FN:58,handleMessage
FN:78,detach
FN:86,dispose
FNF:6
FNH:6
FNDA:7,constructor
FNDA:10,attach
FNDA:6,(anonymous_2)
FNDA:6,handleMessage
FNDA:12,detach
FNDA:3,dispose
DA:12,2
DA:30,7
DA:31,7
DA:34,7
DA:35,7
DA:36,7
DA:44,10
DA:45,1
DA:50,9
DA:52,9
DA:53,28
DA:54,28
DA:61,6
DA:62,2
DA:65,4
DA:66,4
DA:68,4
DA:72,4
DA:74,4
DA:79,12
DA:80,15
DA:82,12
DA:87,3
DA:88,3
LF:24
LH:24
BRDA:33,0,0,7
BRDA:38,1,0,7
BRDA:38,1,1,6
BRDA:44,2,0,1
BRDA:44,2,1,9
BRDA:61,3,0,2
BRDA:61,3,1,4
BRDA:61,4,0,6
BRDA:61,4,1,6
BRDA:61,4,2,6
BRDA:61,4,3,6
BRDA:66,5,0,0
BRDA:66,5,1,4
BRDA:72,6,0,0
BRDA:72,6,1,4
BRF:15
BRH:13
end_of_record
TN:
SF:src/relayer/WebSocketRelayer.ts
FN:41,constructor
FN:50,state
FN:59,acquireLock
FN:64,(anonymous_3)
FN:69,releaseLock
FN:78,emitStateChange
FN:92,connect
FN:116,wsCtor
FN:126,establishConnection
FN:133,(anonymous_9)
FN:148,(anonymous_10)
FN:157,(anonymous_11)
FN:161,(anonymous_12)
FN:173,(anonymous_13)
FN:187,safeInvokeHandler
FN:191,(anonymous_15)
FN:200,handleMessageSafe
FN:222,shouldAttemptReconnect
FN:231,flushPendingMessages
FN:235,(anonymous_19)
FN:239,attemptReconnect
FN:248,(anonymous_21)
FN:259,on
FN:265,(anonymous_23)
FN:276,onStateChange
FN:279,(anonymous_25)
FN:284,off
FN:294,send
FN:319,disconnect
FN:335,destroy
FNF:30
FNH:24
FNDA:34,constructor
FNDA:98,state
FNDA:147,acquireLock
FNDA:118,(anonymous_3)
FNDA:147,releaseLock
FNDA:95,emitStateChange
FNDA:47,connect
FNDA:28,wsCtor
FNDA:28,establishConnection
FNDA:28,(anonymous_9)
FNDA:27,(anonymous_10)
FNDA:1119,(anonymous_11)
FNDA:2,(anonymous_12)
FNDA:1,(anonymous_13)
FNDA:1065,safeInvokeHandler
FNDA:0,(anonymous_15)
FNDA:1119,handleMessageSafe
FNDA:0,shouldAttemptReconnect
FNDA:27,flushPendingMessages
FNDA:0,(anonymous_19)
FNDA:0,attemptReconnect
FNDA:0,(anonymous_21)
FNDA:39,on
FNDA:16,(anonymous_23)
FNDA:1,onStateChange
FNDA:1,(anonymous_25)
FNDA:0,off
FNDA:153,send
FNDA:2,disconnect
FNDA:36,destroy
DA:27,34
DA:28,34
DA:29,34
DA:30,34
DA:31,34
DA:32,34
DA:33,34
DA:34,34
DA:35,34
DA:38,34
DA:39,34
DA:42,34
DA:43,34
DA:44,34
DA:45,34
DA:46,0
DA:51,98
DA:60,147
DA:61,29
DA:62,29
DA:64,118
DA:65,118
DA:70,147
DA:71,147
DA:72,118
DA:74,29
DA:79,95
DA:81,92
DA:82,92
DA:83,92
DA:84,3
DA:85,3
DA:87,0
DA:93,47
DA:94,0
DA:96,47
DA:97,47
DA:98,0
DA:101,47
DA:102,47
DA:103,47
DA:104,19
DA:107,28
DA:108,28
DA:109,28
DA:111,47
DA:112,47
DA:117,28
DA:118,28
DA:120,0
DA:121,0
DA:123,0
DA:127,28
DA:128,28
DA:129,0
DA:130,0
DA:133,28
DA:134,28
DA:136,28
DA:137,28
DA:140,0
DA:142,28
DA:143,0
DA:144,0
DA:146,28
DA:148,28
DA:149,27
DA:150,27
DA:151,27
DA:152,27
DA:153,27
DA:154,27
DA:157,28
DA:158,1119
DA:161,28
DA:162,2
DA:163,2
DA:164,0
DA:165,0
DA:167,2
DA:168,2
DA:169,0
DA:173,28
DA:174,1
DA:175,1
DA:176,1
DA:180,28
DA:182,0
DA:188,1065
DA:189,1065
DA:190,1065
DA:191,0
DA:192,0
DA:196,1
DA:201,1119
DA:204,1117
DA:205,1117
DA:207,3
DA:210,1114
DA:212,1114
DA:213,1114
DA:215,1062
DA:216,1065
DA:223,0
DA:232,27
DA:233,27
DA:234,27
DA:235,0
DA:240,0
DA:242,0
DA:243,0
DA:244,0
DA:246,0
DA:247,0
DA:248,0
DA:249,0
DA:251,0
DA:255,0
DA:260,39
DA:261,36
DA:263,39
DA:265,39
DA:266,16
DA:267,16
DA:268,16
DA:269,16
DA:270,16
DA:277,1
DA:279,1
DA:280,1
DA:285,0
DA:286,0
DA:287,0
DA:288,0
DA:289,0
DA:295,153
DA:296,0
DA:299,153
DA:300,53
DA:301,53
DA:304,100
DA:305,100
DA:306,100
DA:307,100
DA:308,0
DA:309,0
DA:312,100
DA:313,100
DA:315,100
DA:320,2
DA:321,2
DA:322,2
DA:324,2
DA:325,2
DA:326,2
DA:330,2
DA:332,2
DA:336,36
DA:337,36
DA:338,36
DA:339,36
DA:340,36
DA:342,36
DA:343,16
DA:344,16
DA:345,16
DA:346,16
DA:347,16
DA:351,16
DA:354,36
DA:355,36
DA:356,36
DA:357,36
DA:358,36
LF:174
LH:136
BRDA:43,0,0,34
BRDA:43,0,1,7
BRDA:44,1,0,34
BRDA:44,1,1,7
BRDA:45,2,0,0
BRDA:45,2,1,34
BRDA:52,3,0,98
BRDA:52,3,1,27
BRDA:60,4,0,29
BRDA:60,4,1,118
BRDA:71,5,0,118
BRDA:71,5,1,29
BRDA:79,6,0,3
BRDA:79,6,1,92
BRDA:93,7,0,0
BRDA:93,7,1,47
BRDA:97,8,0,0
BRDA:97,8,1,47
BRDA:103,9,0,19
BRDA:103,9,1,28
BRDA:103,10,0,47
BRDA:103,10,1,19
BRDA:117,11,0,28
BRDA:117,11,1,0
BRDA:117,12,0,28
BRDA:117,12,1,28
BRDA:120,13,0,0
BRDA:120,13,1,0
BRDA:128,14,0,0
BRDA:128,14,1,28
BRDA:142,15,0,0
BRDA:142,15,1,28
BRDA:149,16,0,0
BRDA:149,16,1,27
BRDA:163,17,0,0
BRDA:163,17,1,2
BRDA:168,18,0,0
BRDA:168,18,1,2
BRDA:168,19,0,2
BRDA:168,19,1,1
BRDA:174,20,0,1
BRDA:174,20,1,0
BRDA:190,21,0,0
BRDA:190,21,1,1065
BRDA:190,22,0,1065
BRDA:190,22,1,0
BRDA:201,23,0,2
BRDA:201,23,1,1117
BRDA:201,24,0,1119
BRDA:201,24,1,1118
BRDA:210,25,0,0
BRDA:210,25,1,1114
BRDA:210,26,0,1114
BRDA:210,26,1,1114
BRDA:210,26,2,1114
BRDA:210,26,3,1114
BRDA:213,27,0,52
BRDA:213,27,1,1062
BRDA:224,28,0,0
BRDA:224,28,1,0
BRDA:224,28,2,0
BRDA:224,28,3,0
BRDA:224,28,4,0
BRDA:240,29,0,0
BRDA:240,29,1,0
BRDA:244,30,0,0
BRDA:244,30,1,0
BRDA:249,31,0,0
BRDA:249,31,1,0
BRDA:260,32,0,36
BRDA:260,32,1,3
BRDA:267,33,0,16
BRDA:267,33,1,0
BRDA:269,34,0,16
BRDA:269,34,1,0
BRDA:286,35,0,0
BRDA:286,35,1,0
BRDA:288,36,0,0
BRDA:288,36,1,0
BRDA:295,37,0,0
BRDA:295,37,1,153
BRDA:299,38,0,53
BRDA:299,38,1,100
BRDA:299,39,0,153
BRDA:299,39,1,100
BRDA:306,40,0,0
BRDA:306,40,1,100
BRDA:307,41,0,0
BRDA:307,41,1,100
BRDA:307,42,0,100
BRDA:307,42,1,100
BRDA:324,43,0,2
BRDA:324,43,1,0
BRDA:342,44,0,16
BRDA:342,44,1,20
BRF:95
BRH:59
end_of_record
TN:
SF:src/types/index.ts
FNF:0
FNH:0
LF:0
LH:0
BRF:0
BRH:0
end_of_record
